[0;32mInfo: Caching certificate for pnode01[0m
[0;32mInfo: Caching certificate_revocation_list for ca[0m
[0;32mInfo: Caching certificate for pnode01[0m
[0;32mInfo: Using configured environment 'production'[0m
[0;32mInfo: Retrieving pluginfacts[0m
[0;32mInfo: Retrieving plugin[0m
[mNotice: /File[/opt/puppetlabs/puppet/cache/lib/facter]/ensure: created[0m
[mNotice: /File[/opt/puppetlabs/puppet/cache/lib/facter/aio_agent_build.rb]/ensure: defined content as '{md5}cdcc1ff07bc245c66cc1d46be56b3af5'[0m
[mNotice: /File[/opt/puppetlabs/puppet/cache/lib/facter/aio_agent_version.rb]/ensure: defined content as '{md5}d05c8cbf788f47d33efd46a935dda61e'[0m
[mNotice: /File[/opt/puppetlabs/puppet/cache/lib/facter/custom_auth_conf.rb]/ensure: defined content as '{md5}cd4dd2c9a3ccc44645eaf0cc48c72336'[0m
[mNotice: /File[/opt/puppetlabs/puppet/cache/lib/facter/facter_dot_d.rb]/ensure: defined content as '{md5}d71e93183a680ac78bc0389fd50470a0'[0m
[mNotice: /File[/opt/puppetlabs/puppet/cache/lib/facter/mysql_server_id.rb]/ensure: defined content as '{md5}717f121e05912a3ebe6fd9ba92ec3965'[0m
[mNotice: /File[/opt/puppetlabs/puppet/cache/lib/facter/mysql_version.rb]/ensure: defined content as '{md5}e30648f3d394a1cbdd4e54eb5c28d28c'[0m
[mNotice: /File[/opt/puppetlabs/puppet/cache/lib/facter/package_provider.rb]/ensure: defined content as '{md5}539766a71dfb2f65e94a7c91bf413fcf'[0m
[mNotice: /File[/opt/puppetlabs/puppet/cache/lib/facter/pe_build.rb]/ensure: defined content as '{md5}ee54c728457b32d6622c3985448918fa'[0m
[mNotice: /File[/opt/puppetlabs/puppet/cache/lib/facter/pe_concat_basedir.rb]/ensure: defined content as '{md5}0ccd3500f29b9dd346a45a61268c7c18'[0m
[mNotice: /File[/opt/puppetlabs/puppet/cache/lib/facter/pe_razor_server_version.rb]/ensure: defined content as '{md5}ec91d8b92e03d5f952c789308d26dcd0'[0m
[mNotice: /File[/opt/puppetlabs/puppet/cache/lib/facter/pe_server_version.rb]/ensure: defined content as '{md5}17c2795fe8a56b731ae0fc81ba147e6a'[0m
[mNotice: /File[/opt/puppetlabs/puppet/cache/lib/facter/pe_version.rb]/ensure: defined content as '{md5}60d47406026c8201e51394227ddf780d'[0m
[mNotice: /File[/opt/puppetlabs/puppet/cache/lib/facter/platform_symlink_writable.rb]/ensure: defined content as '{md5}fc1e2766ff9994fa5df95cdc14b9bcd2'[0m
[mNotice: /File[/opt/puppetlabs/puppet/cache/lib/facter/platform_tag.rb]/ensure: defined content as '{md5}ba51554600d31251f66baaf81b00639a'[0m
[mNotice: /File[/opt/puppetlabs/puppet/cache/lib/facter/puppet_files_dir_present.rb]/ensure: defined content as '{md5}3900e124be2f377638dd1522079856bf'[0m
[mNotice: /File[/opt/puppetlabs/puppet/cache/lib/facter/puppet_vardir.rb]/ensure: defined content as '{md5}c7ddc97e8a84ded3dd93baa5b9b3283d'[0m
[mNotice: /File[/opt/puppetlabs/puppet/cache/lib/facter/root_home.rb]/ensure: defined content as '{md5}35702ae0c7410ec4d2101113e2f697fa'[0m
[mNotice: /File[/opt/puppetlabs/puppet/cache/lib/facter/service_provider.rb]/ensure: defined content as '{md5}66cc42526eae631e306b397391f1f01c'[0m
[mNotice: /File[/opt/puppetlabs/puppet/cache/lib/facter/staging_http_get.rb]/ensure: defined content as '{md5}1f89d73e82135c4c9533119e2a95690d'[0m
[mNotice: /File[/opt/puppetlabs/puppet/cache/lib/facter/staging_windir.rb]/ensure: defined content as '{md5}6897a62c26ff15041cae6b62bf9b7a35'[0m
[mNotice: /File[/opt/puppetlabs/puppet/cache/lib/facter/util]/ensure: created[0m
[mNotice: /File[/opt/puppetlabs/puppet/cache/lib/facter/util/puppet_settings.rb]/ensure: defined content as '{md5}9f1d2593d0ae56bfca89d4b9266aeee1'[0m
[mNotice: /File[/opt/puppetlabs/puppet/cache/lib/facter/windows.rb]/ensure: defined content as '{md5}d8880f6f32905f040f3355e2a40cf088'[0m
[mNotice: /File[/opt/puppetlabs/puppet/cache/lib/puppet]/ensure: created[0m
[mNotice: /File[/opt/puppetlabs/puppet/cache/lib/puppet/face]/ensure: created[0m
[mNotice: /File[/opt/puppetlabs/puppet/cache/lib/puppet/face/node]/ensure: created[0m
[mNotice: /File[/opt/puppetlabs/puppet/cache/lib/puppet/face/node/purge.rb]/ensure: defined content as '{md5}2dc21d637a51cdb5b4e7997409eee1fc'[0m
[mNotice: /File[/opt/puppetlabs/puppet/cache/lib/puppet/feature]/ensure: created[0m
[mNotice: /File[/opt/puppetlabs/puppet/cache/lib/puppet/feature/pe_hocon.rb]/ensure: defined content as '{md5}bbd4eca7117850bcef6f3be059cf250c'[0m
[mNotice: /File[/opt/puppetlabs/puppet/cache/lib/puppet/feature/pe_puppet_authorization.rb]/ensure: defined content as '{md5}c673198b8d2117318558170c0a7f5ced'[0m
[mNotice: /File[/opt/puppetlabs/puppet/cache/lib/puppet/functions]/ensure: created[0m
[mNotice: /File[/opt/puppetlabs/puppet/cache/lib/puppet/functions/is_a.rb]/ensure: defined content as '{md5}9dad7f8c9b75348cd97aca986ac0b29a'[0m
[mNotice: /File[/opt/puppetlabs/puppet/cache/lib/puppet/functions/type_of.rb]/ensure: defined content as '{md5}71e19f89e167c45ec691ea6c7d319625'[0m
[mNotice: /File[/opt/puppetlabs/puppet/cache/lib/puppet/parser]/ensure: created[0m
[mNotice: /File[/opt/puppetlabs/puppet/cache/lib/puppet/parser/functions]/ensure: created[0m
[mNotice: /File[/opt/puppetlabs/puppet/cache/lib/puppet/parser/functions/abs.rb]/ensure: defined content as '{md5}32161bd0435fdfc2aec2fc559d2b454b'[0m
[mNotice: /File[/opt/puppetlabs/puppet/cache/lib/puppet/parser/functions/any2array.rb]/ensure: defined content as '{md5}a81e71d6b67a551d38770ba9a1948a75'[0m
[mNotice: /File[/opt/puppetlabs/puppet/cache/lib/puppet/parser/functions/assert_private.rb]/ensure: defined content as '{md5}1365284f9e474ecec24cfe43ee8e7cf4'[0m
[mNotice: /File[/opt/puppetlabs/puppet/cache/lib/puppet/parser/functions/base64.rb]/ensure: defined content as '{md5}ac8d0565df2931470447effa502c9ad3'[0m
[mNotice: /File[/opt/puppetlabs/puppet/cache/lib/puppet/parser/functions/basename.rb]/ensure: defined content as '{md5}c61952b3f68fd86408c84fca2c3febb1'[0m
[mNotice: /File[/opt/puppetlabs/puppet/cache/lib/puppet/parser/functions/bool2num.rb]/ensure: defined content as '{md5}f953f5fc094c2ae3908a72d8840ba291'[0m
[mNotice: /File[/opt/puppetlabs/puppet/cache/lib/puppet/parser/functions/bool2str.rb]/ensure: defined content as '{md5}6334ac6d24a8aa49a2243fb425f47311'[0m
[mNotice: /File[/opt/puppetlabs/puppet/cache/lib/puppet/parser/functions/camelcase.rb]/ensure: defined content as '{md5}71c67b71eac4b7f46a0dd22cb915d2e6'[0m
[mNotice: /File[/opt/puppetlabs/puppet/cache/lib/puppet/parser/functions/capitalize.rb]/ensure: defined content as '{md5}da131748a9d32da9eb0b6438e39377eb'[0m
[mNotice: /File[/opt/puppetlabs/puppet/cache/lib/puppet/parser/functions/ceiling.rb]/ensure: defined content as '{md5}dfa9b1c75ce89344026b3b5aed2d190f'[0m
[mNotice: /File[/opt/puppetlabs/puppet/cache/lib/puppet/parser/functions/chomp.rb]/ensure: defined content as '{md5}2b7dc42f9967edd34cfa0ba9a97229ca'[0m
[mNotice: /File[/opt/puppetlabs/puppet/cache/lib/puppet/parser/functions/chop.rb]/ensure: defined content as '{md5}0ec76f54afd94201f35785dfeb2092b5'[0m
[mNotice: /File[/opt/puppetlabs/puppet/cache/lib/puppet/parser/functions/clamp.rb]/ensure: defined content as '{md5}d19b8dfc573ed2eff7e3536ae1e5d596'[0m
[mNotice: /File[/opt/puppetlabs/puppet/cache/lib/puppet/parser/functions/concat.rb]/ensure: defined content as '{md5}a1b0233e58f1f8095a74fe9300c74a9b'[0m
[mNotice: /File[/opt/puppetlabs/puppet/cache/lib/puppet/parser/functions/convert_base.rb]/ensure: defined content as '{md5}c3b3e59a49318af98dcb88aed7156629'[0m
[mNotice: /File[/opt/puppetlabs/puppet/cache/lib/puppet/parser/functions/cookie_secret_key.rb]/ensure: defined content as '{md5}a1a48191d1f0cb934b0c63d8fec70566'[0m
[mNotice: /File[/opt/puppetlabs/puppet/cache/lib/puppet/parser/functions/count.rb]/ensure: defined content as '{md5}9eb74eccd93e2b3c87fd5ea14e329eba'[0m
[mNotice: /File[/opt/puppetlabs/puppet/cache/lib/puppet/parser/functions/create_java_args_subsettings_hash.rb]/ensure: defined content as '{md5}b54be02c9f0b0eeee699764df57a2db3'[0m
[mNotice: /File[/opt/puppetlabs/puppet/cache/lib/puppet/parser/functions/deep_merge.rb]/ensure: defined content as '{md5}d83696855578fb81b64b9e92b9c7cc7c'[0m
[mNotice: /File[/opt/puppetlabs/puppet/cache/lib/puppet/parser/functions/defined_with_params.rb]/ensure: defined content as '{md5}ffab4433d03f32b551f2ea024a2948fc'[0m
[mNotice: /File[/opt/puppetlabs/puppet/cache/lib/puppet/parser/functions/delete.rb]/ensure: defined content as '{md5}cec92c5de6d748c8dc93ca7d25ac1c68'[0m
[mNotice: /File[/opt/puppetlabs/puppet/cache/lib/puppet/parser/functions/delete_at.rb]/ensure: defined content as '{md5}6bc24b79390d463d8be95396c963381a'[0m
[mNotice: /File[/opt/puppetlabs/puppet/cache/lib/puppet/parser/functions/delete_undef_values.rb]/ensure: defined content as '{md5}b32d4a3925753b2eb2c318cbd7f14404'[0m
[mNotice: /File[/opt/puppetlabs/puppet/cache/lib/puppet/parser/functions/delete_values.rb]/ensure: defined content as '{md5}39b147f7d369bb5f809044b6341954a2'[0m
[mNotice: /File[/opt/puppetlabs/puppet/cache/lib/puppet/parser/functions/difference.rb]/ensure: defined content as '{md5}e31b95fbaf974cf853a510177368bfb9'[0m
[mNotice: /File[/opt/puppetlabs/puppet/cache/lib/puppet/parser/functions/dig.rb]/ensure: defined content as '{md5}54a993e69c2673d999876cb3349984b7'[0m
[mNotice: /File[/opt/puppetlabs/puppet/cache/lib/puppet/parser/functions/dirname.rb]/ensure: defined content as '{md5}8a5579f9a9a13fd737ba65eccf8e6d5a'[0m
[mNotice: /File[/opt/puppetlabs/puppet/cache/lib/puppet/parser/functions/dos2unix.rb]/ensure: defined content as '{md5}be8359a5106a7832be4180e8207dd586'[0m
[mNotice: /File[/opt/puppetlabs/puppet/cache/lib/puppet/parser/functions/downcase.rb]/ensure: defined content as '{md5}73121616d73339cf8dd10e0de61a6c50'[0m
[mNotice: /File[/opt/puppetlabs/puppet/cache/lib/puppet/parser/functions/empty.rb]/ensure: defined content as '{md5}b4ad0c3c00cbc56f745fbc05af1efa00'[0m
[mNotice: /File[/opt/puppetlabs/puppet/cache/lib/puppet/parser/functions/enclose_ipv6.rb]/ensure: defined content as '{md5}581bc163291824909d1700909db96512'[0m
[mNotice: /File[/opt/puppetlabs/puppet/cache/lib/puppet/parser/functions/ensure_packages.rb]/ensure: defined content as '{md5}81a8edbd7b6f85fc90e458568184c356'[0m
[mNotice: /File[/opt/puppetlabs/puppet/cache/lib/puppet/parser/functions/ensure_resource.rb]/ensure: defined content as '{md5}de703fe63392b939fc2b4392975263de'[0m
[mNotice: /File[/opt/puppetlabs/puppet/cache/lib/puppet/parser/functions/ensure_resources.rb]/ensure: defined content as '{md5}e9543e167972dd6a9a88aa5e02a9b4a5'[0m
[mNotice: /File[/opt/puppetlabs/puppet/cache/lib/puppet/parser/functions/flatten.rb]/ensure: defined content as '{md5}25777b76f9719162a8bab640e5595b7a'[0m
[mNotice: /File[/opt/puppetlabs/puppet/cache/lib/puppet/parser/functions/floor.rb]/ensure: defined content as '{md5}42cad4c689231a51526c55a6f0985d1f'[0m
[mNotice: /File[/opt/puppetlabs/puppet/cache/lib/puppet/parser/functions/fqdn_rand_string.rb]/ensure: defined content as '{md5}9ac5f18e563094aee62ef7586267025d'[0m
[mNotice: /File[/opt/puppetlabs/puppet/cache/lib/puppet/parser/functions/fqdn_rotate.rb]/ensure: defined content as '{md5}770d510a2e50d19b2dd42b6edef3fb1f'[0m
[mNotice: /File[/opt/puppetlabs/puppet/cache/lib/puppet/parser/functions/get_module_path.rb]/ensure: defined content as '{md5}d4bf50da25c0b98d26b75354fa1bcc45'[0m
[mNotice: /File[/opt/puppetlabs/puppet/cache/lib/puppet/parser/functions/getparam.rb]/ensure: defined content as '{md5}4dd7a0e35f4a3780dcfc9b19b4e0006e'[0m
[mNotice: /File[/opt/puppetlabs/puppet/cache/lib/puppet/parser/functions/getvar.rb]/ensure: defined content as '{md5}344f1ce85dcb7512d37e8702ccbabb66'[0m
[mNotice: /File[/opt/puppetlabs/puppet/cache/lib/puppet/parser/functions/grep.rb]/ensure: defined content as '{md5}5682995af458b05f3b53dd794c4bf896'[0m
[mNotice: /File[/opt/puppetlabs/puppet/cache/lib/puppet/parser/functions/has_interface_with.rb]/ensure: defined content as '{md5}e135f09dbecc038c3aa9ae03127617ef'[0m
[mNotice: /File[/opt/puppetlabs/puppet/cache/lib/puppet/parser/functions/has_ip_address.rb]/ensure: defined content as '{md5}ee207f47906455a5aa49c4fb219dd325'[0m
[mNotice: /File[/opt/puppetlabs/puppet/cache/lib/puppet/parser/functions/has_ip_network.rb]/ensure: defined content as '{md5}b4d726c8b2a0afac81ced8a3a28aa731'[0m
[mNotice: /File[/opt/puppetlabs/puppet/cache/lib/puppet/parser/functions/has_key.rb]/ensure: defined content as '{md5}7cd9728c38f0b0065f832dabd62b0e7e'[0m
[mNotice: /File[/opt/puppetlabs/puppet/cache/lib/puppet/parser/functions/hash.rb]/ensure: defined content as '{md5}784f8d2d114eb4c9414ebd8a6868f82f'[0m
[mNotice: /File[/opt/puppetlabs/puppet/cache/lib/puppet/parser/functions/intersection.rb]/ensure: defined content as '{md5}c8f4f8b861c9c297c87b08bdbfb94caa'[0m
[mNotice: /File[/opt/puppetlabs/puppet/cache/lib/puppet/parser/functions/is_absolute_path.rb]/ensure: defined content as '{md5}94ea1869c438d23f7f659c87ced8080a'[0m
[mNotice: /File[/opt/puppetlabs/puppet/cache/lib/puppet/parser/functions/is_array.rb]/ensure: defined content as '{md5}875ca4356cb0d7a10606fb146b4a3d11'[0m
[mNotice: /File[/opt/puppetlabs/puppet/cache/lib/puppet/parser/functions/is_bool.rb]/ensure: defined content as '{md5}e693b7c4b5366cff1380b6e0c7dd7b11'[0m
[mNotice: /File[/opt/puppetlabs/puppet/cache/lib/puppet/parser/functions/is_domain_name.rb]/ensure: defined content as '{md5}6ca1f2708add756a6803b29d593d5830'[0m
[mNotice: /File[/opt/puppetlabs/puppet/cache/lib/puppet/parser/functions/is_email_address.rb]/ensure: defined content as '{md5}82573a431edf5a0bf9847393af27566a'[0m
[mNotice: /File[/opt/puppetlabs/puppet/cache/lib/puppet/parser/functions/is_float.rb]/ensure: defined content as '{md5}10e0d3ecf75fac15e415aee79acf70dc'[0m
[mNotice: /File[/opt/puppetlabs/puppet/cache/lib/puppet/parser/functions/is_function_available.rb]/ensure: defined content as '{md5}628428bbcd9313ce09783d9484330e09'[0m
[mNotice: /File[/opt/puppetlabs/puppet/cache/lib/puppet/parser/functions/is_hash.rb]/ensure: defined content as '{md5}8c7d9a05084dab0389d1b779c8a05b1a'[0m
[mNotice: /File[/opt/puppetlabs/puppet/cache/lib/puppet/parser/functions/is_integer.rb]/ensure: defined content as '{md5}c665be82686aa4729959bb42c66a7510'[0m
[mNotice: /File[/opt/puppetlabs/puppet/cache/lib/puppet/parser/functions/is_ip_address.rb]/ensure: defined content as '{md5}a714a736c1560e8739aaacd9030cca00'[0m
[mNotice: /File[/opt/puppetlabs/puppet/cache/lib/puppet/parser/functions/is_ipv4_address.rb]/ensure: defined content as '{md5}3df98fc55d9d59e0706ff83f607bb2a8'[0m
[mNotice: /File[/opt/puppetlabs/puppet/cache/lib/puppet/parser/functions/is_ipv6_address.rb]/ensure: defined content as '{md5}16e88af742f8ac93f1e8bb562eebc593'[0m
[mNotice: /File[/opt/puppetlabs/puppet/cache/lib/puppet/parser/functions/is_mac_address.rb]/ensure: defined content as '{md5}6dd3c96437d49e68630869b0b464e7f2'[0m
[mNotice: /File[/opt/puppetlabs/puppet/cache/lib/puppet/parser/functions/is_numeric.rb]/ensure: defined content as '{md5}93ddc9d4c0834a5e5e0562d7b3cdce91'[0m
[mNotice: /File[/opt/puppetlabs/puppet/cache/lib/puppet/parser/functions/is_string.rb]/ensure: defined content as '{md5}2bd9a652bbb2668323eee6c57729ff64'[0m
[mNotice: /File[/opt/puppetlabs/puppet/cache/lib/puppet/parser/functions/join.rb]/ensure: defined content as '{md5}a285a05c015ae278608f6454aef211ea'[0m
[mNotice: /File[/opt/puppetlabs/puppet/cache/lib/puppet/parser/functions/join_keys_to_values.rb]/ensure: defined content as '{md5}f29da49531228f6ca5b3aa0df00a14c2'[0m
[mNotice: /File[/opt/puppetlabs/puppet/cache/lib/puppet/parser/functions/keys.rb]/ensure: defined content as '{md5}eb6ac815ea14fbf423580ed903ef7bad'[0m
[mNotice: /File[/opt/puppetlabs/puppet/cache/lib/puppet/parser/functions/load_module_metadata.rb]/ensure: defined content as '{md5}805c5476a6e7083d133e167129885924'[0m
[mNotice: /File[/opt/puppetlabs/puppet/cache/lib/puppet/parser/functions/loadyaml.rb]/ensure: defined content as '{md5}6da5dc9256c9e7a6549bb15c72cb9f9d'[0m
[mNotice: /File[/opt/puppetlabs/puppet/cache/lib/puppet/parser/functions/lstrip.rb]/ensure: defined content as '{md5}20a9b1fa077c16f34e0ef5448b895698'[0m
[mNotice: /File[/opt/puppetlabs/puppet/cache/lib/puppet/parser/functions/max.rb]/ensure: defined content as '{md5}f652fd0b46ef7d2fbdb42b141f8fdd1d'[0m
[mNotice: /File[/opt/puppetlabs/puppet/cache/lib/puppet/parser/functions/member.rb]/ensure: defined content as '{md5}2b5d7fb8f87f1c7d195933c57ca32e91'[0m
[mNotice: /File[/opt/puppetlabs/puppet/cache/lib/puppet/parser/functions/merge.rb]/ensure: defined content as '{md5}f3dcc5c83440cdda2036cce69b61a14b'[0m
[mNotice: /File[/opt/puppetlabs/puppet/cache/lib/puppet/parser/functions/min.rb]/ensure: defined content as '{md5}0d2a1b7e735ab251c5469e735fa3f4c6'[0m
[mNotice: /File[/opt/puppetlabs/puppet/cache/lib/puppet/parser/functions/mysql_deepmerge.rb]/ensure: defined content as '{md5}2b5040ee8cd75a81cf881851e922833a'[0m
[mNotice: /File[/opt/puppetlabs/puppet/cache/lib/puppet/parser/functions/mysql_dirname.rb]/ensure: defined content as '{md5}820ba09a6a0df639da560b41cb31242f'[0m
[mNotice: /File[/opt/puppetlabs/puppet/cache/lib/puppet/parser/functions/mysql_password.rb]/ensure: defined content as '{md5}365a0ba55f0d04d0f5d56abcd577ec7d'[0m
[mNotice: /File[/opt/puppetlabs/puppet/cache/lib/puppet/parser/functions/mysql_strip_hash.rb]/ensure: defined content as '{md5}3efe69f1eb189b2913e178b8472aaede'[0m
[mNotice: /File[/opt/puppetlabs/puppet/cache/lib/puppet/parser/functions/mysql_table_exists.rb]/ensure: defined content as '{md5}c960c1ea5d433c35f5d414b1def36aea'[0m
[mNotice: /File[/opt/puppetlabs/puppet/cache/lib/puppet/parser/functions/ntp_dirname.rb]/ensure: defined content as '{md5}109e37ef3261f95ae19fcbccb280042d'[0m
[mNotice: /File[/opt/puppetlabs/puppet/cache/lib/puppet/parser/functions/num2bool.rb]/ensure: defined content as '{md5}605c12fa518c87ed2c66ae153e0686ce'[0m
[mNotice: /File[/opt/puppetlabs/puppet/cache/lib/puppet/parser/functions/parsejson.rb]/ensure: defined content as '{md5}15165fd3807d9f3d657697fa854d643d'[0m
[mNotice: /File[/opt/puppetlabs/puppet/cache/lib/puppet/parser/functions/parseyaml.rb]/ensure: defined content as '{md5}db54578d9d798ced75952217cf11b737'[0m
[mNotice: /File[/opt/puppetlabs/puppet/cache/lib/puppet/parser/functions/pe_any2array.rb]/ensure: defined content as '{md5}3384ea4d25dc66d898717c9ca6bb5507'[0m
[mNotice: /File[/opt/puppetlabs/puppet/cache/lib/puppet/parser/functions/pe_bool2str.rb]/ensure: defined content as '{md5}f6189451331df6fd24ec69d7cdc76abe'[0m
[mNotice: /File[/opt/puppetlabs/puppet/cache/lib/puppet/parser/functions/pe_build_version.rb]/ensure: defined content as '{md5}cc956210f4ef17fb396513dffdee1ed7'[0m
[mNotice: /File[/opt/puppetlabs/puppet/cache/lib/puppet/parser/functions/pe_chomp.rb]/ensure: defined content as '{md5}b4f0cb35578710dc4ac315d35e9571a2'[0m
[mNotice: /File[/opt/puppetlabs/puppet/cache/lib/puppet/parser/functions/pe_compile_master.rb]/ensure: defined content as '{md5}e1c28cdf284777bd12c5f525a5648ccb'[0m
[mNotice: /File[/opt/puppetlabs/puppet/cache/lib/puppet/parser/functions/pe_compiling_server_aio_build.rb]/ensure: defined content as '{md5}d01e0cac62411df5140da0956a79544c'[0m
[mNotice: /File[/opt/puppetlabs/puppet/cache/lib/puppet/parser/functions/pe_compiling_server_version.rb]/ensure: defined content as '{md5}dfa2285cae91d2985408274b24692d69'[0m
[mNotice: /File[/opt/puppetlabs/puppet/cache/lib/puppet/parser/functions/pe_concat_getparam.rb]/ensure: defined content as '{md5}46df3de760f918b120fb2254f85eff2a'[0m
[mNotice: /File[/opt/puppetlabs/puppet/cache/lib/puppet/parser/functions/pe_concat_is_bool.rb]/ensure: defined content as '{md5}b511d7545ede5abae00951199b67674d'[0m
[mNotice: /File[/opt/puppetlabs/puppet/cache/lib/puppet/parser/functions/pe_create_amq_augeas_command.rb]/ensure: defined content as '{md5}a62e6f52c8a5bdc002436dc6c292fd48'[0m
[mNotice: /File[/opt/puppetlabs/puppet/cache/lib/puppet/parser/functions/pe_current_server_version.rb]/ensure: defined content as '{md5}55bce6e57476f3b79c2476409bff5feb'[0m
[mNotice: /File[/opt/puppetlabs/puppet/cache/lib/puppet/parser/functions/pe_delete_undef_values.rb]/ensure: defined content as '{md5}c25bbcdfc6bca2d219e5f42f3eb8fa0b'[0m
[mNotice: /File[/opt/puppetlabs/puppet/cache/lib/puppet/parser/functions/pe_directory_exists.rb]/ensure: defined content as '{md5}18df1a47e5e04af8278b937953bf3179'[0m
[mNotice: /File[/opt/puppetlabs/puppet/cache/lib/puppet/parser/functions/pe_empty.rb]/ensure: defined content as '{md5}01a6574fab1ed1cf94ef1fea4954eeca'[0m
[mNotice: /File[/opt/puppetlabs/puppet/cache/lib/puppet/parser/functions/pe_flatten.rb]/ensure: defined content as '{md5}c781954451d1860ca8f63fd6d2b6cf76'[0m
[mNotice: /File[/opt/puppetlabs/puppet/cache/lib/puppet/parser/functions/pe_getvar.rb]/ensure: defined content as '{md5}f870b47cd38f515662c29555a7c6e91f'[0m
[mNotice: /File[/opt/puppetlabs/puppet/cache/lib/puppet/parser/functions/pe_is_array.rb]/ensure: defined content as '{md5}b451e133e015fc7e8dc4dcfdf059a8d8'[0m
[mNotice: /File[/opt/puppetlabs/puppet/cache/lib/puppet/parser/functions/pe_is_bool.rb]/ensure: defined content as '{md5}2dfe2be70aaff951b59e9fba3e85aa5d'[0m
[mNotice: /File[/opt/puppetlabs/puppet/cache/lib/puppet/parser/functions/pe_is_integer.rb]/ensure: defined content as '{md5}a410ba3f3586b7df90e532b2eb99da37'[0m
[mNotice: /File[/opt/puppetlabs/puppet/cache/lib/puppet/parser/functions/pe_is_string.rb]/ensure: defined content as '{md5}5fe6741e70f2bbb93a0ae43d233eeebc'[0m
[mNotice: /File[/opt/puppetlabs/puppet/cache/lib/puppet/parser/functions/pe_join.rb]/ensure: defined content as '{md5}4f433ea29dffc79247671fb4271d0a10'[0m
[mNotice: /File[/opt/puppetlabs/puppet/cache/lib/puppet/parser/functions/pe_join_keys_to_values.rb]/ensure: defined content as '{md5}3066c3bd5e181a996729691a57cf3d21'[0m
[mNotice: /File[/opt/puppetlabs/puppet/cache/lib/puppet/parser/functions/pe_loadyaml.rb]/ensure: defined content as '{md5}6adef0c167fbe0167a8e7aec7c65317b'[0m
[mNotice: /File[/opt/puppetlabs/puppet/cache/lib/puppet/parser/functions/pe_max.rb]/ensure: defined content as '{md5}e04acd17070545133c83ec5a0e11c022'[0m
[mNotice: /File[/opt/puppetlabs/puppet/cache/lib/puppet/parser/functions/pe_min.rb]/ensure: defined content as '{md5}e6d2b8c614168f4224e3f76f32d9f9cb'[0m
[mNotice: /File[/opt/puppetlabs/puppet/cache/lib/puppet/parser/functions/pe_pick.rb]/ensure: defined content as '{md5}06b3a9e63faf3ca5d64c65fa14803cdf'[0m
[mNotice: /File[/opt/puppetlabs/puppet/cache/lib/puppet/parser/functions/pe_postgresql_acls_to_resources_hash.rb]/ensure: defined content as '{md5}851d972daf92e9e0600f8991a15311be'[0m
[mNotice: /File[/opt/puppetlabs/puppet/cache/lib/puppet/parser/functions/pe_postgresql_escape.rb]/ensure: defined content as '{md5}cc58b659957328d9577336353bc246b2'[0m
[mNotice: /File[/opt/puppetlabs/puppet/cache/lib/puppet/parser/functions/pe_postgresql_password.rb]/ensure: defined content as '{md5}72c33c3b7e4a6e8128fbb0a52bf30282'[0m
[mNotice: /File[/opt/puppetlabs/puppet/cache/lib/puppet/parser/functions/pe_prefix.rb]/ensure: defined content as '{md5}554fcaf9362a544f91bb192047dd5341'[0m
[mNotice: /File[/opt/puppetlabs/puppet/cache/lib/puppet/parser/functions/pe_puppetserver_static_content_list.rb]/ensure: defined content as '{md5}3955ef0b5cd765be892a3043386cf91f'[0m
[mNotice: /File[/opt/puppetlabs/puppet/cache/lib/puppet/parser/functions/pe_servername.rb]/ensure: defined content as '{md5}c60209498856941f6f794d4c3cfb5d1f'[0m
[mNotice: /File[/opt/puppetlabs/puppet/cache/lib/puppet/parser/functions/pe_size.rb]/ensure: defined content as '{md5}876097c7df6d07296524bb2236f60a1d'[0m
[mNotice: /File[/opt/puppetlabs/puppet/cache/lib/puppet/parser/functions/pe_sort.rb]/ensure: defined content as '{md5}26047743025f2fdcf5e7b5420d5382ea'[0m
[mNotice: /File[/opt/puppetlabs/puppet/cache/lib/puppet/parser/functions/pe_strip.rb]/ensure: defined content as '{md5}8d60a607f04fc6622eca8ae46e2fef2f'[0m
[mNotice: /File[/opt/puppetlabs/puppet/cache/lib/puppet/parser/functions/pe_suffix.rb]/ensure: defined content as '{md5}a44749c5ef30e258866cb18fd83f77d2'[0m
[mNotice: /File[/opt/puppetlabs/puppet/cache/lib/puppet/parser/functions/pe_to_bytes.rb]/ensure: defined content as '{md5}6ee36cabe336db4c281c7d3b1b1d771e'[0m
[mNotice: /File[/opt/puppetlabs/puppet/cache/lib/puppet/parser/functions/pe_union.rb]/ensure: defined content as '{md5}da3ea966f5468bbdb8420975576d4a3f'[0m
[mNotice: /File[/opt/puppetlabs/puppet/cache/lib/puppet/parser/functions/pe_unique.rb]/ensure: defined content as '{md5}5edb2c537d80f003d71a250bf203c79e'[0m
[mNotice: /File[/opt/puppetlabs/puppet/cache/lib/puppet/parser/functions/pe_upcase.rb]/ensure: defined content as '{md5}4ea67e96c4da45092fb70fcdf1f0692f'[0m
[mNotice: /File[/opt/puppetlabs/puppet/cache/lib/puppet/parser/functions/pe_validate_absolute_path.rb]/ensure: defined content as '{md5}d4bd539a3d7db93d4563cbbe571a16ac'[0m
[mNotice: /File[/opt/puppetlabs/puppet/cache/lib/puppet/parser/functions/pe_validate_array.rb]/ensure: defined content as '{md5}0ab10b81de351aa9f6114c1880cc7155'[0m
[mNotice: /File[/opt/puppetlabs/puppet/cache/lib/puppet/parser/functions/pe_validate_bool.rb]/ensure: defined content as '{md5}4a74954e0502837f11d2eadedb71bc1f'[0m
[mNotice: /File[/opt/puppetlabs/puppet/cache/lib/puppet/parser/functions/pe_validate_hash.rb]/ensure: defined content as '{md5}36a223b1648dec8cb30fd229e3bb74c6'[0m
[mNotice: /File[/opt/puppetlabs/puppet/cache/lib/puppet/parser/functions/pe_validate_re.rb]/ensure: defined content as '{md5}bccac35a2607bf15f1e7d1c565c1d98b'[0m
[mNotice: /File[/opt/puppetlabs/puppet/cache/lib/puppet/parser/functions/pe_validate_single_integer.rb]/ensure: defined content as '{md5}ef8c455e5d58954bc4e78e36534a340c'[0m
[mNotice: /File[/opt/puppetlabs/puppet/cache/lib/puppet/parser/functions/pe_validate_string.rb]/ensure: defined content as '{md5}c4d83c3ef14c2e3e47c4408d49c22437'[0m
[mNotice: /File[/opt/puppetlabs/puppet/cache/lib/puppet/parser/functions/pe_zip.rb]/ensure: defined content as '{md5}77f42491eaa279803a36b02601206b33'[0m
[mNotice: /File[/opt/puppetlabs/puppet/cache/lib/puppet/parser/functions/pick.rb]/ensure: defined content as '{md5}bf01f13bbfe2318e7f6a302ac7c4433f'[0m
[mNotice: /File[/opt/puppetlabs/puppet/cache/lib/puppet/parser/functions/pick_default.rb]/ensure: defined content as '{md5}ad3ea60262de408767786d37a54d45dc'[0m
[mNotice: /File[/opt/puppetlabs/puppet/cache/lib/puppet/parser/functions/prefix.rb]/ensure: defined content as '{md5}e377fd64bd63dde6c9660aa75aca4942'[0m
[mNotice: /File[/opt/puppetlabs/puppet/cache/lib/puppet/parser/functions/private.rb]/ensure: defined content as '{md5}1500a21d5cf19961c5b1d476df892d92'[0m
[mNotice: /File[/opt/puppetlabs/puppet/cache/lib/puppet/parser/functions/pw_hash.rb]/ensure: defined content as '{md5}d82221f667050026cd6d155432a31802'[0m
[mNotice: /File[/opt/puppetlabs/puppet/cache/lib/puppet/parser/functions/range.rb]/ensure: defined content as '{md5}76f693d1dd50ffee409e58ff6d9a58bb'[0m
[mNotice: /File[/opt/puppetlabs/puppet/cache/lib/puppet/parser/functions/reject.rb]/ensure: defined content as '{md5}689f6a7c961a55fe9dcd240921f4c7f9'[0m
[mNotice: /File[/opt/puppetlabs/puppet/cache/lib/puppet/parser/functions/reverse.rb]/ensure: defined content as '{md5}b234b54b8cd62b2d67ccd70489ffdccf'[0m
[mNotice: /File[/opt/puppetlabs/puppet/cache/lib/puppet/parser/functions/rstrip.rb]/ensure: defined content as '{md5}b4e4ada41f7c1d2fcad073ce6344980f'[0m
[mNotice: /File[/opt/puppetlabs/puppet/cache/lib/puppet/parser/functions/scope_defaults.rb]/ensure: defined content as '{md5}da916d46f3ff3be8359f75c93c2b5532'[0m
[mNotice: /File[/opt/puppetlabs/puppet/cache/lib/puppet/parser/functions/seeded_rand.rb]/ensure: defined content as '{md5}2ad22e7613d894ae779c0c5b0e65dade'[0m
[mNotice: /File[/opt/puppetlabs/puppet/cache/lib/puppet/parser/functions/shuffle.rb]/ensure: defined content as '{md5}d50f72b0aeb921e64d2482f62488e2f3'[0m
[mNotice: /File[/opt/puppetlabs/puppet/cache/lib/puppet/parser/functions/size.rb]/ensure: defined content as '{md5}ab3b5b8cf2369d76969a7cb2564e018f'[0m
[mNotice: /File[/opt/puppetlabs/puppet/cache/lib/puppet/parser/functions/sort.rb]/ensure: defined content as '{md5}504b033b438461ca4f9764feeb017833'[0m
[mNotice: /File[/opt/puppetlabs/puppet/cache/lib/puppet/parser/functions/squeeze.rb]/ensure: defined content as '{md5}541f85b4203b55c9931d3d6ecd5c75f8'[0m
[mNotice: /File[/opt/puppetlabs/puppet/cache/lib/puppet/parser/functions/staging_parse.rb]/ensure: defined content as '{md5}cf6a6648b567b6efd3d0741e5f690ca8'[0m
[mNotice: /File[/opt/puppetlabs/puppet/cache/lib/puppet/parser/functions/str2bool.rb]/ensure: defined content as '{md5}e380cfbc3395404ac8232ff960b22bca'[0m
[mNotice: /File[/opt/puppetlabs/puppet/cache/lib/puppet/parser/functions/str2saltedsha512.rb]/ensure: defined content as '{md5}49afad7b386be38ce53deaefef326e85'[0m
[mNotice: /File[/opt/puppetlabs/puppet/cache/lib/puppet/parser/functions/strftime.rb]/ensure: defined content as '{md5}e02e01a598ca5d7d6eee0ba22440304a'[0m
[mNotice: /File[/opt/puppetlabs/puppet/cache/lib/puppet/parser/functions/strip.rb]/ensure: defined content as '{md5}85d70ab95492e3e4ca5f0b5ec3f284a9'[0m
[mNotice: /File[/opt/puppetlabs/puppet/cache/lib/puppet/parser/functions/suffix.rb]/ensure: defined content as '{md5}082519722ed6f237dd3a9a7e316ab2e4'[0m
[mNotice: /File[/opt/puppetlabs/puppet/cache/lib/puppet/parser/functions/swapcase.rb]/ensure: defined content as '{md5}b17a9f3cb0271451d309e4b4f52dd651'[0m
[mNotice: /File[/opt/puppetlabs/puppet/cache/lib/puppet/parser/functions/time.rb]/ensure: defined content as '{md5}8cb0b8320c60b4a21725634154a9f1db'[0m
[mNotice: /File[/opt/puppetlabs/puppet/cache/lib/puppet/parser/functions/to_bytes.rb]/ensure: defined content as '{md5}65437027687b6172173b3a211a799e37'[0m
[mNotice: /File[/opt/puppetlabs/puppet/cache/lib/puppet/parser/functions/try_get_value.rb]/ensure: defined content as '{md5}09cd079ec5f0e5e2ac862c9ebe0f54fe'[0m
[mNotice: /File[/opt/puppetlabs/puppet/cache/lib/puppet/parser/functions/type.rb]/ensure: defined content as '{md5}4709f7ab8a8aad62d77a3c5d91a3aa08'[0m
[mNotice: /File[/opt/puppetlabs/puppet/cache/lib/puppet/parser/functions/type3x.rb]/ensure: defined content as '{md5}f9bf4de8341afb0c677c26b40ec8a2b2'[0m
[mNotice: /File[/opt/puppetlabs/puppet/cache/lib/puppet/parser/functions/union.rb]/ensure: defined content as '{md5}3cf57ea53f2522f586264feb67293cd6'[0m
[mNotice: /File[/opt/puppetlabs/puppet/cache/lib/puppet/parser/functions/unique.rb]/ensure: defined content as '{md5}c1bb4a8aeebd09ba3e4c8bc3702cfd60'[0m
[mNotice: /File[/opt/puppetlabs/puppet/cache/lib/puppet/parser/functions/unix2dos.rb]/ensure: defined content as '{md5}b1f5087fcaca69d9395094204cce887a'[0m
[mNotice: /File[/opt/puppetlabs/puppet/cache/lib/puppet/parser/functions/upcase.rb]/ensure: defined content as '{md5}8decededec9eb33e58f961eb86f0888f'[0m
[mNotice: /File[/opt/puppetlabs/puppet/cache/lib/puppet/parser/functions/uriescape.rb]/ensure: defined content as '{md5}d912ba09ba3f58c70988e662e05ffbe8'[0m
[mNotice: /File[/opt/puppetlabs/puppet/cache/lib/puppet/parser/functions/validate_absolute_path.rb]/ensure: defined content as '{md5}51c81d562fcc6c2df49ce5cfefd721ff'[0m
[mNotice: /File[/opt/puppetlabs/puppet/cache/lib/puppet/parser/functions/validate_array.rb]/ensure: defined content as '{md5}72b29289b8af1cfc3662ef9be78911b8'[0m
[mNotice: /File[/opt/puppetlabs/puppet/cache/lib/puppet/parser/functions/validate_augeas.rb]/ensure: defined content as '{md5}61e828e7759ba3e1e563e1fdd68aa80f'[0m
[mNotice: /File[/opt/puppetlabs/puppet/cache/lib/puppet/parser/functions/validate_bool.rb]/ensure: defined content as '{md5}a712634a000024398b3c6cd4ecc46463'[0m
[mNotice: /File[/opt/puppetlabs/puppet/cache/lib/puppet/parser/functions/validate_cmd.rb]/ensure: defined content as '{md5}7df12370db442eddddcf4dd7a5364b5e'[0m
[mNotice: /File[/opt/puppetlabs/puppet/cache/lib/puppet/parser/functions/validate_email_address.rb]/ensure: defined content as '{md5}e74fe9695ae0219d95f1595978267e48'[0m
[mNotice: /File[/opt/puppetlabs/puppet/cache/lib/puppet/parser/functions/validate_hash.rb]/ensure: defined content as '{md5}e9cfaca68751524efe16ecf2f958a9a0'[0m
[mNotice: /File[/opt/puppetlabs/puppet/cache/lib/puppet/parser/functions/validate_integer.rb]/ensure: defined content as '{md5}438c7fdd25f7f6a208ac48c9b75a390f'[0m
[mNotice: /File[/opt/puppetlabs/puppet/cache/lib/puppet/parser/functions/validate_ip_address.rb]/ensure: defined content as '{md5}8d1f23b4fb623e9ce2a6bfa59c6c1266'[0m
[mNotice: /File[/opt/puppetlabs/puppet/cache/lib/puppet/parser/functions/validate_ipv4_address.rb]/ensure: defined content as '{md5}ea5a7e87f51fc5a961cdc7369b3c9d00'[0m
[mNotice: /File[/opt/puppetlabs/puppet/cache/lib/puppet/parser/functions/validate_ipv6_address.rb]/ensure: defined content as '{md5}4699238e4cad60e7e1428905523eaeb7'[0m
[mNotice: /File[/opt/puppetlabs/puppet/cache/lib/puppet/parser/functions/validate_numeric.rb]/ensure: defined content as '{md5}60b0c6d5b8b170ea77498a8580bd3158'[0m
[mNotice: /File[/opt/puppetlabs/puppet/cache/lib/puppet/parser/functions/validate_re.rb]/ensure: defined content as '{md5}53613813ba02914f2692f0edd7e12fab'[0m
[mNotice: /File[/opt/puppetlabs/puppet/cache/lib/puppet/parser/functions/validate_slength.rb]/ensure: defined content as '{md5}5f0db124caae4866f474a60c589ba632'[0m
[mNotice: /File[/opt/puppetlabs/puppet/cache/lib/puppet/parser/functions/validate_string.rb]/ensure: defined content as '{md5}cf6a20877a27b1073d63fdd522af50bb'[0m
[mNotice: /File[/opt/puppetlabs/puppet/cache/lib/puppet/parser/functions/validate_x509_rsa_key_pair.rb]/ensure: defined content as '{md5}f17427dfc42128dc1df0ab04f37942e5'[0m
[mNotice: /File[/opt/puppetlabs/puppet/cache/lib/puppet/parser/functions/values.rb]/ensure: defined content as '{md5}066a6e4170e5034edb9a80463dff2bb5'[0m
[mNotice: /File[/opt/puppetlabs/puppet/cache/lib/puppet/parser/functions/values_at.rb]/ensure: defined content as '{md5}325a899e0201e8df5bd483fec6f12d76'[0m
[mNotice: /File[/opt/puppetlabs/puppet/cache/lib/puppet/parser/functions/zip.rb]/ensure: defined content as '{md5}a89d5e802bc1e63e52020c2ddbaaca2c'[0m
[mNotice: /File[/opt/puppetlabs/puppet/cache/lib/puppet/provider]/ensure: created[0m
[mNotice: /File[/opt/puppetlabs/puppet/cache/lib/puppet/provider/file_line]/ensure: created[0m
[mNotice: /File[/opt/puppetlabs/puppet/cache/lib/puppet/provider/file_line/ruby.rb]/ensure: defined content as '{md5}0b7ed2917e70902b5c40362370edcbb0'[0m
[mNotice: /File[/opt/puppetlabs/puppet/cache/lib/puppet/provider/mysql.rb]/ensure: defined content as '{md5}0c90d1aff1e36ecdcf69ebd6caadadf8'[0m
[mNotice: /File[/opt/puppetlabs/puppet/cache/lib/puppet/provider/mysql_database]/ensure: created[0m
[mNotice: /File[/opt/puppetlabs/puppet/cache/lib/puppet/provider/mysql_database/mysql.rb]/ensure: defined content as '{md5}5cf9b8044df4ec72a726b5f781c84f8f'[0m
[mNotice: /File[/opt/puppetlabs/puppet/cache/lib/puppet/provider/mysql_datadir]/ensure: created[0m
[mNotice: /File[/opt/puppetlabs/puppet/cache/lib/puppet/provider/mysql_datadir/mysql.rb]/ensure: defined content as '{md5}376369db3eb61cbfc15817093c8081e5'[0m
[mNotice: /File[/opt/puppetlabs/puppet/cache/lib/puppet/provider/mysql_grant]/ensure: created[0m
[mNotice: /File[/opt/puppetlabs/puppet/cache/lib/puppet/provider/mysql_grant/mysql.rb]/ensure: defined content as '{md5}65f242017094dfabad7ca3f4928e92a2'[0m
[mNotice: /File[/opt/puppetlabs/puppet/cache/lib/puppet/provider/mysql_plugin]/ensure: created[0m
[mNotice: /File[/opt/puppetlabs/puppet/cache/lib/puppet/provider/mysql_plugin/mysql.rb]/ensure: defined content as '{md5}49128d2a9a547c4945735bfd75fd6d6c'[0m
[mNotice: /File[/opt/puppetlabs/puppet/cache/lib/puppet/provider/mysql_user]/ensure: created[0m
[mNotice: /File[/opt/puppetlabs/puppet/cache/lib/puppet/provider/mysql_user/mysql.rb]/ensure: defined content as '{md5}f6d095a040cb75e6316ea464dd1ab84d'[0m
[mNotice: /File[/opt/puppetlabs/puppet/cache/lib/puppet/provider/pe_file_line]/ensure: created[0m
[mNotice: /File[/opt/puppetlabs/puppet/cache/lib/puppet/provider/pe_file_line/ruby.rb]/ensure: defined content as '{md5}79d77c28f8a311684aceec3e08c1a084'[0m
[mNotice: /File[/opt/puppetlabs/puppet/cache/lib/puppet/provider/pe_hocon_setting]/ensure: created[0m
[mNotice: /File[/opt/puppetlabs/puppet/cache/lib/puppet/provider/pe_hocon_setting/ruby.rb]/ensure: defined content as '{md5}c0bad8a42357896675e209aab7ee6a0d'[0m
[mNotice: /File[/opt/puppetlabs/puppet/cache/lib/puppet/provider/pe_ini_setting]/ensure: created[0m
[mNotice: /File[/opt/puppetlabs/puppet/cache/lib/puppet/provider/pe_ini_setting/ruby.rb]/ensure: defined content as '{md5}d0520f108a6f0e55320a97f8285a0843'[0m
[mNotice: /File[/opt/puppetlabs/puppet/cache/lib/puppet/provider/pe_ini_subsetting]/ensure: created[0m
[mNotice: /File[/opt/puppetlabs/puppet/cache/lib/puppet/provider/pe_ini_subsetting/ruby.rb]/ensure: defined content as '{md5}7245892fe493f361b4f2fb34188e71db'[0m
[mNotice: /File[/opt/puppetlabs/puppet/cache/lib/puppet/provider/pe_java_ks]/ensure: created[0m
[mNotice: /File[/opt/puppetlabs/puppet/cache/lib/puppet/provider/pe_java_ks/keytool.rb]/ensure: defined content as '{md5}6e16c71a9e74550cfe9aad4ecbb8fd22'[0m
[mNotice: /File[/opt/puppetlabs/puppet/cache/lib/puppet/provider/pe_postgresql_conf]/ensure: created[0m
[mNotice: /File[/opt/puppetlabs/puppet/cache/lib/puppet/provider/pe_postgresql_conf/parsed.rb]/ensure: defined content as '{md5}f0e7fc6f14420d46ebf64635939243af'[0m
[mNotice: /File[/opt/puppetlabs/puppet/cache/lib/puppet/provider/pe_postgresql_psql]/ensure: created[0m
[mNotice: /File[/opt/puppetlabs/puppet/cache/lib/puppet/provider/pe_postgresql_psql/ruby.rb]/ensure: defined content as '{md5}68b0e90ab501fc36b821c4c27c74fb17'[0m
[mNotice: /File[/opt/puppetlabs/puppet/cache/lib/puppet/provider/pe_puppet_authorization_hocon_rule]/ensure: created[0m
[mNotice: /File[/opt/puppetlabs/puppet/cache/lib/puppet/provider/pe_puppet_authorization_hocon_rule/ruby.rb]/ensure: defined content as '{md5}1aaaa7466dc6d830cb25332cc2910c07'[0m
[mNotice: /File[/opt/puppetlabs/puppet/cache/lib/puppet/type]/ensure: created[0m
[mNotice: /File[/opt/puppetlabs/puppet/cache/lib/puppet/type/anchor.rb]/ensure: defined content as '{md5}bbd36bb49c3b554f8602d8d3df366c0c'[0m
[mNotice: /File[/opt/puppetlabs/puppet/cache/lib/puppet/type/file_line.rb]/ensure: defined content as '{md5}21214f23b82b909dba6d7a57dd6464b6'[0m
[mNotice: /File[/opt/puppetlabs/puppet/cache/lib/puppet/type/mysql_database.rb]/ensure: defined content as '{md5}438eafbfecc30605462a220d92cf9603'[0m
[mNotice: /File[/opt/puppetlabs/puppet/cache/lib/puppet/type/mysql_datadir.rb]/ensure: defined content as '{md5}8ed364298fccd83ea03a5eff44040304'[0m
[mNotice: /File[/opt/puppetlabs/puppet/cache/lib/puppet/type/mysql_grant.rb]/ensure: defined content as '{md5}2c04c9df671fc9c91d85cb2487d14ece'[0m
[mNotice: /File[/opt/puppetlabs/puppet/cache/lib/puppet/type/mysql_plugin.rb]/ensure: defined content as '{md5}0a52cead6c9283c9aa14ea71bdfa80bd'[0m
[mNotice: /File[/opt/puppetlabs/puppet/cache/lib/puppet/type/mysql_user.rb]/ensure: defined content as '{md5}e8dc61e4d81244d58a71b0d8aa01ac76'[0m
[mNotice: /File[/opt/puppetlabs/puppet/cache/lib/puppet/type/pe_anchor.rb]/ensure: defined content as '{md5}5505f2e5850c0dd2e56583d214baf197'[0m
[mNotice: /File[/opt/puppetlabs/puppet/cache/lib/puppet/type/pe_file_line.rb]/ensure: defined content as '{md5}5cecf4e63d31bc89f31a9be54a248359'[0m
[mNotice: /File[/opt/puppetlabs/puppet/cache/lib/puppet/type/pe_hocon_setting.rb]/ensure: defined content as '{md5}204b2889d1c6db8f986f02ed17239ef5'[0m
[mNotice: /File[/opt/puppetlabs/puppet/cache/lib/puppet/type/pe_ini_setting.rb]/ensure: defined content as '{md5}51ff3999c8dfd3a32303c14deb279dc4'[0m
[mNotice: /File[/opt/puppetlabs/puppet/cache/lib/puppet/type/pe_ini_subsetting.rb]/ensure: defined content as '{md5}022dc2b30ed8daa8ce2226017bc95a38'[0m
[mNotice: /File[/opt/puppetlabs/puppet/cache/lib/puppet/type/pe_java_ks.rb]/ensure: defined content as '{md5}9bb59c04ff805eb7e824fc4e5b4c9767'[0m
[mNotice: /File[/opt/puppetlabs/puppet/cache/lib/puppet/type/pe_postgresql_conf.rb]/ensure: defined content as '{md5}140d5cb21ae1b8554f40c71f2b73b332'[0m
[mNotice: /File[/opt/puppetlabs/puppet/cache/lib/puppet/type/pe_postgresql_psql.rb]/ensure: defined content as '{md5}ffabdb11eb481e45c76795195672436c'[0m
[mNotice: /File[/opt/puppetlabs/puppet/cache/lib/puppet/type/pe_puppet_authorization_hocon_rule.rb]/ensure: defined content as '{md5}6a4a6f6607299012fb94b576c4223e24'[0m
[mNotice: /File[/opt/puppetlabs/puppet/cache/lib/puppet/util]/ensure: created[0m
[mNotice: /File[/opt/puppetlabs/puppet/cache/lib/puppet/util/external_iterator.rb]/ensure: defined content as '{md5}69ad1eb930ca6d8d6b6faea343b4a22e'[0m
[mNotice: /File[/opt/puppetlabs/puppet/cache/lib/puppet/util/pe_ini_file]/ensure: created[0m
[mNotice: /File[/opt/puppetlabs/puppet/cache/lib/puppet/util/pe_ini_file.rb]/ensure: defined content as '{md5}9ba01a79162a1d69ab8e90e725d07d3a'[0m
[mNotice: /File[/opt/puppetlabs/puppet/cache/lib/puppet/util/pe_ini_file/section.rb]/ensure: defined content as '{md5}652d2b45e5defc13fb7989f020e6080f'[0m
[mNotice: /File[/opt/puppetlabs/puppet/cache/lib/puppet/util/setting_value.rb]/ensure: defined content as '{md5}a649418f4c767d976f4bf13985575b3c'[0m
[mNotice: /File[/opt/puppetlabs/puppet/cache/lib/shared]/ensure: created[0m
[mNotice: /File[/opt/puppetlabs/puppet/cache/lib/shared/aio_build.rb]/ensure: defined content as '{md5}d0fe0c2b31687ea03c1ede01a460f3a0'[0m
[mNotice: /File[/opt/puppetlabs/puppet/cache/lib/shared/pe_build.rb]/ensure: defined content as '{md5}4f4652af20c4f0391b9ca2976940a710'[0m
[mNotice: /File[/opt/puppetlabs/puppet/cache/lib/shared/pe_server_version.rb]/ensure: defined content as '{md5}f3d3fc8776512ae73d3293c97b8f3dfe'[0m
[0;32mInfo: Loading facts[0m
[0;32mInfo: Caching catalog for pnode01[0m
[0;32mInfo: Applying configuration version '1462435340'[0m
[mNotice: /Stage[main]/Ntp::Install/Package[ntp]/ensure: created[0m
[mNotice: /Stage[main]/Ntp::Config/File[/etc/ntp.conf]/content: 
--- /etc/ntp.conf	2016-01-25 17:15:26.000000000 +0300
+++ /tmp/puppet-file20160505-12259-1w8h39g	2016-05-05 11:03:07.272000000 +0300
@@ -1,58 +1,36 @@
-# For more information about this file, see the man pages
-# ntp.conf(5), ntp_acc(5), ntp_auth(5), ntp_clock(5), ntp_misc(5), ntp_mon(5).
+# ntp.conf: Managed by puppet.
+#
+# Enable next tinker options:
+# panic - keep ntpd from panicking in the event of a large clock skew
+# when a VM guest is suspended and resumed;
+# stepout - allow ntpd change offset faster
+tinker panic 0
 
-driftfile /var/lib/ntp/drift
+disable monitor
 
 # Permit time synchronization with our time source, but do not
 # permit the source to query or modify the service on this system.
-restrict default nomodify notrap nopeer noquery
+restrict default kod nomodify notrap nopeer noquery
+restrict -6 default kod nomodify notrap nopeer noquery
+restrict 127.0.0.1
+restrict -6 ::1
+
+
+
+# Set up servers for ntpd with next options:
+# server - IP address or DNS name of upstream NTP server
+# iburst - allow send sync packages faster if upstream unavailable
+# prefer - select preferrable server
+# minpoll - set minimal update frequency
+# maxpoll - set maximal update frequency
+server 1.by.pool.ntp.org
+server 1.europe.pool.ntp.org
+server 3.europe.pool.ntp.org
+
+
+# Driftfile.
+driftfile /var/lib/ntp/drift
+
+
+
 
-# Permit all access over the loopback interface.  This could
-# be tightened as well, but to do so would effect some of
-# the administrative functions.
-restrict 127.0.0.1 
-restrict ::1
-
-# Hosts on local network are less restricted.
-#restrict 192.168.1.0 mask 255.255.255.0 nomodify notrap
-
-# Use public servers from the pool.ntp.org project.
-# Please consider joining the pool (http://www.pool.ntp.org/join.html).
-server 0.centos.pool.ntp.org iburst
-server 1.centos.pool.ntp.org iburst
-server 2.centos.pool.ntp.org iburst
-server 3.centos.pool.ntp.org iburst
-
-#broadcast 192.168.1.255 autokey	# broadcast server
-#broadcastclient			# broadcast client
-#broadcast 224.0.1.1 autokey		# multicast server
-#multicastclient 224.0.1.1		# multicast client
-#manycastserver 239.255.254.254		# manycast server
-#manycastclient 239.255.254.254 autokey # manycast client
-
-# Enable public key cryptography.
-#crypto
-
-includefile /etc/ntp/crypto/pw
-
-# Key file containing the keys and key identifiers used when operating
-# with symmetric key cryptography. 
-keys /etc/ntp/keys
-
-# Specify the key identifiers which are trusted.
-#trustedkey 4 8 42
-
-# Specify the key identifier to use with the ntpdc utility.
-#requestkey 8
-
-# Specify the key identifier to use with the ntpq utility.
-#controlkey 8
-
-# Enable writing of statistics records.
-#statistics clockstats cryptostats loopstats peerstats
-
-# Disable the monitoring facility to prevent amplification attacks using ntpdc
-# monlist command when default restrict does not include the noquery flag. See
-# CVE-2013-5211 for more details.
-# Note: Monitoring will not be disabled with the limited restriction flag.
-disable monitor
[0m
[mNotice: /Stage[main]/Ntp::Config/File[/etc/ntp.conf]/content: content changed '{md5}dc9e5754ad2bb6f6c32b954c04431d0a' to '{md5}650896d7c13b93bb101ad1866718e2e4'[0m
[0;32mInfo: Class[Ntp::Config]: Scheduling refresh of Class[Ntp::Service][0m
[0;32mInfo: Class[Ntp::Service]: Scheduling refresh of Service[ntp][0m
[mNotice: /Stage[main]/Ntp::Service/Service[ntp]/ensure: ensure changed 'stopped' to 'running'[0m
[0;32mInfo: /Stage[main]/Ntp::Service/Service[ntp]: Unscheduling refresh on Service[ntp][0m
[mNotice: /Stage[main]/Mysql::Server::Install/Package[mysql-server]/ensure: created[0m
[mNotice: /Stage[main]/Mysql::Server::Config/File[mysql-config-file]/content: 
--- /etc/my.cnf.d/server.cnf	2015-12-09 20:22:48.000000000 +0300
+++ /tmp/puppet-file20160505-12259-1b4veqk	2016-05-05 11:02:37.731946000 +0300
@@ -1,28 +1,61 @@
-#
-# These groups are read by MariaDB server.
-# Use it for options that only the server (but not clients) should see
-#
-# See the examples of server my.cnf files in /usr/share/mysql/
-#
+### MANAGED BY PUPPET ###
 
-# this is read by the standalone daemon and embedded servers
-[server]
+[client]
+port = 3306
+socket = /var/lib/mysql/mysql.sock
+
+[isamchk]
+key_buffer_size = 16M
 
-# this is only for the mysqld standalone daemon
 [mysqld]
+basedir = /usr
+bind-address = 127.0.0.1
+datadir = /var/lib/mysql
+expire_logs_days = 10
+key_buffer_size = 16M
+log-error = /var/log/mariadb/mariadb.log
+max_allowed_packet = 16M
+max_binlog_size = 100M
+max_connections = 1024
+pid-file = /var/run/mariadb/mariadb.pid
+port = 3306
+query_cache_limit = 1M
+query_cache_size = 16M
+skip-external-locking
+socket = /var/lib/mysql/mysql.sock
+ssl = false
+ssl-ca = /etc/mysql/cacert.pem
+ssl-cert = /etc/mysql/server-cert.pem
+ssl-key = /etc/mysql/server-key.pem
+thread_cache_size = 8
+thread_stack = 256K
+tmpdir = /tmp
+user = mysql
+
+[mysqld-5.0]
+myisam-recover = BACKUP
 
-# this is only for embedded server
-[embedded]
+[mysqld-5.1]
+myisam-recover = BACKUP
 
-# This group is only read by MariaDB-5.5 servers.
-# If you use the same .cnf file for MariaDB of different versions,
-# use this group for options that older servers don't understand
 [mysqld-5.5]
+myisam-recover = BACKUP
+
+[mysqld-5.6]
+myisam-recover-options = BACKUP
+
+[mysqld-5.7]
+myisam-recover-options = BACKUP
+
+[mysqld_safe]
+log-error = /var/log/mariadb/mariadb.log
+nice = 0
+socket = /var/lib/mysql/mysql.sock
+
+[mysqldump]
+max_allowed_packet = 16M
+quick
+quote-names
 
-# These two groups are only read by MariaDB servers, not by MySQL.
-# If you use the same .cnf file for MySQL and MariaDB,
-# you can put MariaDB-only options here
-[mariadb]
 
-[mariadb-5.5]
 
[0m
[mNotice: /Stage[main]/Mysql::Server::Config/File[mysql-config-file]/content: content changed '{md5}54dc3e561e817f9c0a376a58383eb013' to '{md5}15d890f0648fc49e43fcffc6ed7bd2d8'[0m
[mNotice: /Stage[main]/Mysql::Server::Installdb/Mysql_datadir[/var/lib/mysql]/ensure: created[0m
[mNotice: /Stage[main]/Mysql::Server::Service/Service[mysqld]/ensure: ensure changed 'stopped' to 'running'[0m
[0;32mInfo: /Stage[main]/Mysql::Server::Service/Service[mysqld]: Unscheduling refresh on Service[mysqld][0m
[mNotice: /Stage[main]/Mysql::Server::Root_password/Mysql_user[root@localhost]/password_hash: defined 'password_hash' as '*2470C0C06DEE42FD1618BB99005ADCA2EC9D1E19'[0m
[mNotice: /Stage[main]/Mysql::Server::Root_password/File[/root/.my.cnf]/ensure: defined content as '{md5}9910b6aa16e7a0522d2505e472b8cb0c'[0m
[mNotice: /Stage[main]/Main/Node[pnode01]/Mysql_database[test_db]/ensure: created[0m
[mNotice: /Stage[main]/Main/Node[pnode01]/Mysql_user[test_user@localhost]/ensure: created[0m
[mNotice: /Stage[main]/Main/Node[pnode01]/Mysql_grant[test_user@localhost/test_db.*]/ensure: created[0m
[mNotice: /Stage[main]/Puppet_enterprise::Symlinks/File[/usr/local/bin/facter]/target: target changed '/opt/puppetlabs/puppet/bin/facter' to '/opt/puppetlabs/bin/facter'[0m
[mNotice: /Stage[main]/Puppet_enterprise::Symlinks/File[/usr/local/bin/puppet]/target: target changed '/opt/puppetlabs/puppet/bin/puppet' to '/opt/puppetlabs/bin/puppet'[0m
[mNotice: /Stage[main]/Puppet_enterprise::Symlinks/File[/usr/local/bin/pe-man]/target: target changed '/opt/puppetlabs/puppet/bin/pe-man' to '/opt/puppetlabs/bin/pe-man'[0m
[mNotice: /Stage[main]/Puppet_enterprise::Symlinks/File[/usr/local/bin/hiera]/target: target changed '/opt/puppetlabs/puppet/bin/hiera' to '/opt/puppetlabs/bin/hiera'[0m
[mNotice: /Stage[main]/Puppet_enterprise::Pxp_agent/File[/etc/puppetlabs/pxp-agent/pxp-agent.conf]/ensure: defined content as '{md5}e06b51e5e21f91413b25afae4f72065c'[0m
[0;32mInfo: /Stage[main]/Puppet_enterprise::Pxp_agent/File[/etc/puppetlabs/pxp-agent/pxp-agent.conf]: Scheduling refresh of Service[pxp-agent][0m
[mNotice: /Stage[main]/Puppet_enterprise::Pxp_agent::Service/Service[pxp-agent]/ensure: ensure changed 'stopped' to 'running'[0m
[0;32mInfo: /Stage[main]/Puppet_enterprise::Pxp_agent::Service/Service[pxp-agent]: Unscheduling refresh on Service[pxp-agent][0m
[mNotice: /Stage[main]/Puppet_enterprise::Mcollective::Server::Plugins/File[/opt/puppetlabs/mcollective/plugins/mcollective]/ensure: created[0m
[mNotice: /Stage[main]/Puppet_enterprise::Mcollective::Server::Plugins/File[/opt/puppetlabs/mcollective/plugins/mcollective/agent]/ensure: created[0m
[mNotice: /Stage[main]/Puppet_enterprise::Mcollective::Server::Plugins/File[/opt/puppetlabs/mcollective/plugins/mcollective/agent/package.ddl]/ensure: defined content as '{md5}ae1d49824b9b84d1a8f617c317147bea'[0m
[mNotice: /Stage[main]/Puppet_enterprise::Mcollective::Server::Plugins/File[/opt/puppetlabs/mcollective/plugins/mcollective/agent/package.rb]/ensure: defined content as '{md5}60d4b37d3844fc379a99d2b17a243620'[0m
[mNotice: /Stage[main]/Puppet_enterprise::Mcollective::Server::Plugins/File[/opt/puppetlabs/mcollective/plugins/mcollective/agent/puppet.ddl]/ensure: defined content as '{md5}05d975cbc1eb09af4522462a4afd55fa'[0m
[mNotice: /Stage[main]/Puppet_enterprise::Mcollective::Server::Plugins/File[/opt/puppetlabs/mcollective/plugins/mcollective/agent/puppet.rb]/ensure: defined content as '{md5}eb38cadaf62e34387d10783df4754cb2'[0m
[mNotice: /Stage[main]/Puppet_enterprise::Mcollective::Server::Plugins/File[/opt/puppetlabs/mcollective/plugins/mcollective/agent/puppetral.ddl]/ensure: defined content as '{md5}7f06f13953847e60818a681c1f2f168b'[0m
[mNotice: /Stage[main]/Puppet_enterprise::Mcollective::Server::Plugins/File[/opt/puppetlabs/mcollective/plugins/mcollective/agent/puppetral.rb]/ensure: defined content as '{md5}686272ee73d966e3f1d3482d7d7b61a8'[0m
[mNotice: /Stage[main]/Puppet_enterprise::Mcollective::Server::Plugins/File[/opt/puppetlabs/mcollective/plugins/mcollective/agent/service.ddl]/ensure: defined content as '{md5}3471e24142773d1bb7769c250e6b63d3'[0m
[mNotice: /Stage[main]/Puppet_enterprise::Mcollective::Server::Plugins/File[/opt/puppetlabs/mcollective/plugins/mcollective/agent/service.rb]/ensure: defined content as '{md5}cbf84ed615eeda9789650b05ec504566'[0m
[mNotice: /Stage[main]/Puppet_enterprise::Mcollective::Server::Plugins/File[/opt/puppetlabs/mcollective/plugins/mcollective/aggregate]/ensure: created[0m
[mNotice: /Stage[main]/Puppet_enterprise::Mcollective::Server::Plugins/File[/opt/puppetlabs/mcollective/plugins/mcollective/aggregate/boolean_summary.ddl]/ensure: defined content as '{md5}aa581c71a6c7658bffdbaec81590f65d'[0m
[mNotice: /Stage[main]/Puppet_enterprise::Mcollective::Server::Plugins/File[/opt/puppetlabs/mcollective/plugins/mcollective/aggregate/boolean_summary.rb]/ensure: defined content as '{md5}0546063313508d8aff603be320af3c44'[0m
[mNotice: /Stage[main]/Puppet_enterprise::Mcollective::Server::Plugins/File[/opt/puppetlabs/mcollective/plugins/mcollective/application]/ensure: created[0m
[mNotice: /Stage[main]/Puppet_enterprise::Mcollective::Server::Plugins/File[/opt/puppetlabs/mcollective/plugins/mcollective/application/package.rb]/ensure: defined content as '{md5}4e6571cdac3f6aa322c9f195693e1dbe'[0m
[mNotice: /Stage[main]/Puppet_enterprise::Mcollective::Server::Plugins/File[/opt/puppetlabs/mcollective/plugins/mcollective/application/puppet.rb]/ensure: defined content as '{md5}13731d27f1276cdd3314f7fa30aa5eb1'[0m
[mNotice: /Stage[main]/Puppet_enterprise::Mcollective::Server::Plugins/File[/opt/puppetlabs/mcollective/plugins/mcollective/application/service.rb]/ensure: defined content as '{md5}c95359f947af5f0d904fa3df80cb9820'[0m
[mNotice: /Stage[main]/Puppet_enterprise::Mcollective::Server::Plugins/File[/opt/puppetlabs/mcollective/plugins/mcollective/data]/ensure: created[0m
[mNotice: /Stage[main]/Puppet_enterprise::Mcollective::Server::Plugins/File[/opt/puppetlabs/mcollective/plugins/mcollective/data/puppet_data.ddl]/ensure: defined content as '{md5}5c9912bf5ae5dbc8762109a40c027c63'[0m
[mNotice: /Stage[main]/Puppet_enterprise::Mcollective::Server::Plugins/File[/opt/puppetlabs/mcollective/plugins/mcollective/data/puppet_data.rb]/ensure: defined content as '{md5}606e87cd509addf22dd8e93d503d8262'[0m
[mNotice: /Stage[main]/Puppet_enterprise::Mcollective::Server::Plugins/File[/opt/puppetlabs/mcollective/plugins/mcollective/data/resource_data.ddl]/ensure: defined content as '{md5}c4e3a46fd3c0b5d3990db0b8af1c747f'[0m
[mNotice: /Stage[main]/Puppet_enterprise::Mcollective::Server::Plugins/File[/opt/puppetlabs/mcollective/plugins/mcollective/data/resource_data.rb]/ensure: defined content as '{md5}49be769fb403191af41f1b89697ce4cc'[0m
[mNotice: /Stage[main]/Puppet_enterprise::Mcollective::Server::Plugins/File[/opt/puppetlabs/mcollective/plugins/mcollective/data/service_data.ddl]/ensure: defined content as '{md5}e7f7e0bc65ede56fc636505a400b1700'[0m
[mNotice: /Stage[main]/Puppet_enterprise::Mcollective::Server::Plugins/File[/opt/puppetlabs/mcollective/plugins/mcollective/data/service_data.rb]/ensure: defined content as '{md5}bc651898c7dcd373d609c933fbd6021f'[0m
[mNotice: /Stage[main]/Puppet_enterprise::Mcollective::Server::Plugins/File[/opt/puppetlabs/mcollective/plugins/mcollective/mco_plugin_versions]/ensure: defined content as '{md5}dc84f62ea4cd9253242d09dfb355220d'[0m
[mNotice: /Stage[main]/Puppet_enterprise::Mcollective::Server::Plugins/File[/opt/puppetlabs/mcollective/plugins/mcollective/registration]/ensure: created[0m
[mNotice: /Stage[main]/Puppet_enterprise::Mcollective::Server::Plugins/File[/opt/puppetlabs/mcollective/plugins/mcollective/registration/meta.rb]/ensure: defined content as '{md5}e939958bbbc0817e1779c336037e1849'[0m
[mNotice: /Stage[main]/Puppet_enterprise::Mcollective::Server::Plugins/File[/opt/puppetlabs/mcollective/plugins/mcollective/security]/ensure: created[0m
[mNotice: /Stage[main]/Puppet_enterprise::Mcollective::Server::Plugins/File[/opt/puppetlabs/mcollective/plugins/mcollective/security/sshkey.ddl]/ensure: defined content as '{md5}e92b26732d03496fb61ad3a1ed623f56'[0m
[mNotice: /Stage[main]/Puppet_enterprise::Mcollective::Server::Plugins/File[/opt/puppetlabs/mcollective/plugins/mcollective/security/sshkey.rb]/ensure: defined content as '{md5}c3933bda744b78dd857f20aa5b61f75b'[0m
[mNotice: /Stage[main]/Puppet_enterprise::Mcollective::Server::Plugins/File[/opt/puppetlabs/mcollective/plugins/mcollective/util]/ensure: created[0m
[mNotice: /Stage[main]/Puppet_enterprise::Mcollective::Server::Plugins/File[/opt/puppetlabs/mcollective/plugins/mcollective/util/actionpolicy.rb]/ensure: defined content as '{md5}e4d6a7024ad7b28e019e7b9931eac027'[0m
[mNotice: /Stage[main]/Puppet_enterprise::Mcollective::Server::Plugins/File[/opt/puppetlabs/mcollective/plugins/mcollective/util/package]/ensure: created[0m
[mNotice: /Stage[main]/Puppet_enterprise::Mcollective::Server::Plugins/File[/opt/puppetlabs/mcollective/plugins/mcollective/util/package/base.rb]/ensure: defined content as '{md5}1bdb7e7a6dcfea6fd2a06c5dc39b7276'[0m
[mNotice: /Stage[main]/Puppet_enterprise::Mcollective::Server::Plugins/File[/opt/puppetlabs/mcollective/plugins/mcollective/util/package/packagehelpers.rb]/ensure: defined content as '{md5}312aecc3b1ee75f97a989fea3e7a221d'[0m
[mNotice: /Stage[main]/Puppet_enterprise::Mcollective::Server::Plugins/File[/opt/puppetlabs/mcollective/plugins/mcollective/util/package/puppetpackage.rb]/ensure: defined content as '{md5}865eec36ae05c30b072d3f5bd871fb52'[0m
[mNotice: /Stage[main]/Puppet_enterprise::Mcollective::Server::Plugins/File[/opt/puppetlabs/mcollective/plugins/mcollective/util/package/yumHelper.py]/ensure: defined content as '{md5}40fa99ef10b84c38517f6b695a0af533'[0m
[mNotice: /Stage[main]/Puppet_enterprise::Mcollective::Server::Plugins/File[/opt/puppetlabs/mcollective/plugins/mcollective/util/package/yumpackage.rb]/ensure: defined content as '{md5}256bde1567d8794ca929092462f5ae03'[0m
[mNotice: /Stage[main]/Puppet_enterprise::Mcollective::Server::Plugins/File[/opt/puppetlabs/mcollective/plugins/mcollective/util/puppet_agent_mgr]/ensure: created[0m
[mNotice: /Stage[main]/Puppet_enterprise::Mcollective::Server::Plugins/File[/opt/puppetlabs/mcollective/plugins/mcollective/util/puppet_agent_mgr.rb]/ensure: defined content as '{md5}8b80e880a2035fb1b9167106087ff049'[0m
[mNotice: /Stage[main]/Puppet_enterprise::Mcollective::Server::Plugins/File[/opt/puppetlabs/mcollective/plugins/mcollective/util/puppet_agent_mgr/mgr_v2.rb]/ensure: defined content as '{md5}9a00171022ddb12d0a463e9cefeba481'[0m
[mNotice: /Stage[main]/Puppet_enterprise::Mcollective::Server::Plugins/File[/opt/puppetlabs/mcollective/plugins/mcollective/util/puppet_agent_mgr/mgr_v3.rb]/ensure: defined content as '{md5}b5cb1a9b7311fc3769a3ccaabadeb694'[0m
[mNotice: /Stage[main]/Puppet_enterprise::Mcollective::Server::Plugins/File[/opt/puppetlabs/mcollective/plugins/mcollective/util/puppet_agent_mgr/mgr_windows.rb]/ensure: defined content as '{md5}79a6cf3dac0177f6b9c22d5085324676'[0m
[mNotice: /Stage[main]/Puppet_enterprise::Mcollective::Server::Plugins/File[/opt/puppetlabs/mcollective/plugins/mcollective/util/puppet_server_address_validation.rb]/ensure: defined content as '{md5}1c78390e33e71773e121a902ae91bfd4'[0m
[mNotice: /Stage[main]/Puppet_enterprise::Mcollective::Server::Plugins/File[/opt/puppetlabs/mcollective/plugins/mcollective/util/puppetrunner.rb]/ensure: defined content as '{md5}a4fade81457455fbca9370249defbdf1'[0m
[mNotice: /Stage[main]/Puppet_enterprise::Mcollective::Server::Plugins/File[/opt/puppetlabs/mcollective/plugins/mcollective/util/service]/ensure: created[0m
[mNotice: /Stage[main]/Puppet_enterprise::Mcollective::Server::Plugins/File[/opt/puppetlabs/mcollective/plugins/mcollective/util/service/base.rb]/ensure: defined content as '{md5}abea7b8fadbf3425a7b68b49b9435ff6'[0m
[mNotice: /Stage[main]/Puppet_enterprise::Mcollective::Server::Plugins/File[/opt/puppetlabs/mcollective/plugins/mcollective/util/service/puppetservice.rb]/ensure: defined content as '{md5}905db93e1c06ad5a7154fa2f9199f31c'[0m
[mNotice: /Stage[main]/Puppet_enterprise::Mcollective::Server::Plugins/File[/opt/puppetlabs/mcollective/plugins/mcollective/validator]/ensure: created[0m
[mNotice: /Stage[main]/Puppet_enterprise::Mcollective::Server::Plugins/File[/opt/puppetlabs/mcollective/plugins/mcollective/validator/puppet_resource_validator.ddl]/ensure: defined content as '{md5}3e45a28e1ba6c8d22ce40934c04b30b4'[0m
[mNotice: /Stage[main]/Puppet_enterprise::Mcollective::Server::Plugins/File[/opt/puppetlabs/mcollective/plugins/mcollective/validator/puppet_resource_validator.rb]/ensure: defined content as '{md5}567c7dc4d70ed0db7fd2626c77f6df41'[0m
[mNotice: /Stage[main]/Puppet_enterprise::Mcollective::Server::Plugins/File[/opt/puppetlabs/mcollective/plugins/mcollective/validator/puppet_server_address_validator.ddl]/ensure: defined content as '{md5}323e0b9647639fdf32cfbc63a82860f7'[0m
[mNotice: /Stage[main]/Puppet_enterprise::Mcollective::Server::Plugins/File[/opt/puppetlabs/mcollective/plugins/mcollective/validator/puppet_server_address_validator.rb]/ensure: defined content as '{md5}e84a56187809c5181b78b2819ee149fe'[0m
[mNotice: /Stage[main]/Puppet_enterprise::Mcollective::Server::Plugins/File[/opt/puppetlabs/mcollective/plugins/mcollective/validator/puppet_tags_validator.ddl]/ensure: defined content as '{md5}7ed95b2e5b210db83d12d5034f1ecb0f'[0m
[mNotice: /Stage[main]/Puppet_enterprise::Mcollective::Server::Plugins/File[/opt/puppetlabs/mcollective/plugins/mcollective/validator/puppet_tags_validator.rb]/ensure: defined content as '{md5}40b29498e867ba2ecf21dc08bc457d4e'[0m
[mNotice: /Stage[main]/Puppet_enterprise::Mcollective::Server::Plugins/File[/opt/puppetlabs/mcollective/plugins/mcollective/validator/puppet_variable_validator.ddl]/ensure: defined content as '{md5}58c9db4ca4503e4d692a016743e01627'[0m
[mNotice: /Stage[main]/Puppet_enterprise::Mcollective::Server::Plugins/File[/opt/puppetlabs/mcollective/plugins/mcollective/validator/puppet_variable_validator.rb]/ensure: defined content as '{md5}3cbca3af2e5884f2a807ef005a87151b'[0m
[mNotice: /Stage[main]/Puppet_enterprise::Mcollective::Server::Plugins/File[/opt/puppetlabs/mcollective/plugins/mcollective/validator/service_name.ddl]/ensure: defined content as '{md5}2812afa15108103042f706c2201e286b'[0m
[mNotice: /Stage[main]/Puppet_enterprise::Mcollective::Server::Plugins/File[/opt/puppetlabs/mcollective/plugins/mcollective/validator/service_name.rb]/ensure: defined content as '{md5}3f501a9ed252ce2dfe06a2e1e53845ab'[0m
[0;32mInfo: /opt/puppetlabs/mcollective/plugins/mcollective: Scheduling refresh of Service[mcollective][0m
[mNotice: /Stage[main]/Puppet_enterprise::Mcollective::Server::Logs/File[/var/log/puppetlabs/mcollective.log]/ensure: created[0m
[mNotice: /Stage[main]/Puppet_enterprise::Mcollective::Server::Logs/File[/var/log/puppetlabs/mcollective-audit.log]/ensure: created[0m
[mNotice: /Stage[main]/Puppet_enterprise::Mcollective::Server::Certs/File[/etc/puppetlabs/mcollective/ssl]/ensure: created[0m
[mNotice: /Stage[main]/Puppet_enterprise::Mcollective::Server::Certs/File[/etc/puppetlabs/mcollective/ssl/clients]/ensure: created[0m
[mNotice: /Stage[main]/Puppet_enterprise::Mcollective::Server::Certs/File[/etc/puppetlabs/mcollective/ssl/ca.cert.pem]/ensure: defined content as '{md5}50707e75d223cb6dbfc5224e5789cea0'[0m
[mNotice: /Stage[main]/Puppet_enterprise::Mcollective::Server::Certs/File[/etc/puppetlabs/mcollective/ssl/pnode01.cert.pem]/ensure: defined content as '{md5}1d35a2fe42f31296ef13cd81b4d57b04'[0m
[mNotice: /Stage[main]/Puppet_enterprise::Mcollective::Server::Certs/File[/etc/puppetlabs/mcollective/ssl/pnode01.private_key.pem]/ensure: defined content as '{md5}a1480d6acd99625292059331b69a1a83'[0m
[mNotice: /Stage[main]/Puppet_enterprise::Mcollective::Server::Certs/File[/etc/puppetlabs/mcollective/ssl/mcollective-private.pem]/ensure: defined content as '{md5}a649f85163fe05b480e64a1199572a8d'[0m
[mNotice: /Stage[main]/Puppet_enterprise::Mcollective::Server::Certs/File[/etc/puppetlabs/mcollective/ssl/mcollective-public.pem]/ensure: defined content as '{md5}b9a0536a7a4e77e94a658828a2d82f04'[0m
[mNotice: /Stage[main]/Puppet_enterprise::Mcollective::Server::Certs/File[/etc/puppetlabs/mcollective/ssl/clients/puppet-dashboard-public.pem]/ensure: defined content as '{md5}189c84242cc6c2b08f6387b92fc2c811'[0m
[mNotice: /Stage[main]/Puppet_enterprise::Mcollective::Server::Certs/File[/etc/puppetlabs/mcollective/ssl/clients/peadmin-public.pem]/ensure: defined content as '{md5}2784a043754147eb4d9009f79d0ed680'[0m
[mNotice: /Stage[main]/Puppet_enterprise::Mcollective::Server::Facter/File[/opt/puppetlabs/puppet/bin/refresh-mcollective-metadata]/ensure: defined content as '{md5}42bbd7fe0fd5d10cbfa6b92a90f7592b'[0m
[mNotice: /Stage[main]/Puppet_enterprise::Mcollective::Server::Facter/Cron[pe-mcollective-metadata]/ensure: created[0m
[mNotice: /Stage[main]/Puppet_enterprise::Mcollective::Server/File[/etc/puppetlabs/mcollective/server.cfg]/content: 
--- /etc/puppetlabs/mcollective/server.cfg	2016-03-23 23:37:09.000000000 +0300
+++ /tmp/puppet-file20160505-12259-ujn33k	2016-05-05 11:02:42.952946000 +0300
@@ -1,27 +1,82 @@
-main_collective = mcollective
-collectives = mcollective
-
-libdir = /opt/puppetlabs/mcollective/plugins
-
-# consult the "classic" libdirs too
-libdir = /usr/share/mcollective/plugins
-libdir = /usr/libexec/mcollective
 
-logfile = /var/log/puppetlabs/mcollective.log
-loglevel = info
-daemonize = 1
-
-# Plugins
-securityprovider = psk
-plugin.psk = unset
+# Centrally managed by Puppet version 4.4.1
+# https://docs.puppetlabs.com/mcollective/configure/server.html
 
+# Connector settings (required):
+# -----------------------------
 connector = activemq
+direct_addressing = 1
+
+# ActiveMQ connector settings:
+plugin.activemq.randomize = false
 plugin.activemq.pool.size = 1
-plugin.activemq.pool.1.host = stomp1
-plugin.activemq.pool.1.port = 6163
+plugin.activemq.pool.1.host = pserver
+plugin.activemq.pool.1.port = 61613
 plugin.activemq.pool.1.user = mcollective
-plugin.activemq.pool.1.password = marionette
+plugin.activemq.pool.1.password = Uw13r3rMaxQO1IH7hpWV
+plugin.activemq.pool.1.ssl = true
+plugin.activemq.pool.1.ssl.ca = /etc/puppetlabs/mcollective/ssl/ca.cert.pem
+plugin.activemq.pool.1.ssl.cert = /etc/puppetlabs/mcollective/ssl/pnode01.cert.pem
+plugin.activemq.pool.1.ssl.key = /etc/puppetlabs/mcollective/ssl/pnode01.private_key.pem
+plugin.activemq.heartbeat_interval = 120
+plugin.activemq.max_hbrlck_fails = 0
+
+# Security plugin settings (required):
+# -----------------------------------
+securityprovider           = ssl
+
+# SSL plugin settings:
+plugin.ssl_server_private  = /etc/puppetlabs/mcollective/ssl/mcollective-private.pem
+plugin.ssl_server_public   = /etc/puppetlabs/mcollective/ssl/mcollective-public.pem
+plugin.ssl_client_cert_dir = /etc/puppetlabs/mcollective/ssl/clients
+plugin.ssl_serializer      = yaml
 
-# Facts
+# Facts, identity, and classes (recommended):
+# ------------------------------------------
 factsource = yaml
 plugin.yaml = /etc/puppetlabs/mcollective/facts.yaml
+fact_cache_time = 300
+
+identity = pnode01
+
+classesfile = /opt/puppetlabs/puppet/cache/state/classes.txt
+
+# Registration (recommended):
+# -----------------------
+registration = Meta
+registerinterval = 600
+
+# Subcollectives (optional):
+# -------------------------
+main_collective = mcollective
+collectives     = mcollective
+
+# Auditing (optional):
+# -------------------
+plugin.rpcaudit.logfile = /var/log/puppetlabs/mcollective-audit.log
+rpcaudit = 1
+rpcauditprovider = logfile
+
+# Authorization (optional):
+# ------------------------
+plugin.actionpolicy.allow_unconfigured = 1
+rpcauthorization = 1
+rpcauthprovider = action_policy
+
+# Logging:
+# -------
+logfile  = /var/log/puppetlabs/mcollective.log
+loglevel = info
+
+# Platform defaults:
+# -----------------
+daemonize = 1
+libdir = /opt/puppet/libexec/mcollective:/opt/puppetlabs/mcollective/plugins
+
+# Puppet Agent plugin configuration:
+# ---------------------------------
+plugin.puppet.splay = true
+plugin.puppet.splaylimit = 120
+plugin.puppet.signal_daemon = 0
+plugin.puppet.command = /opt/puppetlabs/bin/puppet agent
+plugin.puppet.config  = /etc/puppetlabs/puppet/puppet.conf
[0m
[mNotice: /Stage[main]/Puppet_enterprise::Mcollective::Server/File[/etc/puppetlabs/mcollective/server.cfg]/content: content changed '{md5}73e68cfd79153a49de6f5721ab60657b' to '{md5}1b1a2ba9d9a35aa5fabed2aaae72c2aa'[0m
[mNotice: /Stage[main]/Puppet_enterprise::Mcollective::Server/File[/etc/puppetlabs/mcollective/server.cfg]/mode: mode changed '0644' to '0660'[0m
[0;32mInfo: /Stage[main]/Puppet_enterprise::Mcollective::Server/File[/etc/puppetlabs/mcollective/server.cfg]: Scheduling refresh of Service[mcollective][0m
[0;32mInfo: /Stage[main]/Puppet_enterprise::Mcollective::Server/File[/etc/puppetlabs/mcollective/server.cfg]: Scheduling refresh of Service[mcollective][0m
[mNotice: /Stage[main]/Puppet_enterprise::Mcollective::Service/Service[mcollective]/ensure: ensure changed 'stopped' to 'running'[0m
[0;32mInfo: /Stage[main]/Puppet_enterprise::Mcollective::Service/Service[mcollective]: Unscheduling refresh on Service[mcollective][0m
[mNotice: Applied catalog in -22.20 seconds[0m
